Start: 2013,038,00:01:14.920    End: 2013,038,00:01:16.000      Sequence Number: 451077 ID: PSES        Channel: BHN    Location:       Number Samples: 54      SPS: 50 x 1
-1283   -1262   -1243   -1232   -1196   -1150   -1123   -1096   -1080   -1075   -1066   -1054   -1016   -0970   -0941   -0930   -0929   -0925   -0926   -0909   -0909   -0905   -0905   -0941
-0950   -0956   -0965   -0948   -0928   -0936   -0939   -0951   -0976   -0977   -0991   -1004   -1002   -1001   -1029   -1052   -1060   -1074   -1078   -1098   -1122   -1134   -1142   -1161
-1172   -1172   -1186   -1208   -1229   -1257

Start: 2013,038,00:01:15.280    End: 2013,038,00:01:24.700      Sequence Number: 451079 ID: PSES        Channel: BHN    Location:       Number Samples: 471     SPS: 50 x 1
-3416   -3410   -3399   -3406   -3419   -3418   -3426   -3445   -3456   -3478   -3499   -3503   -3508   -3526   -3552   -3566   -3583   -3598   -3613   -3618   -3622   -3628   -3644   -3671
-3682   -3700   -3706   -3710   -3727   -3742   -3756   -3760   -3762   -3773   -3792   -3787   -3795   -3822   -3833   -3844   -3850   -3858   -3869   -3882   -3897   -3901   -3892   -3885
-3872   -3850   -3853   -3846   -3836   -3836   -3834   -3841   -3833   -3830   -3831   -3824   -3815   -3803   -3801   -3797   -3787   -3775   -3764   -3748   -3734   -3730   -3737   -3738
-3720   -3710   -3695   -3679   -3682   -3684   -3676   -3664   -3647   -3642   -3656   -3651   -3650   -3657   -3647   -3643   -3635   -3625   -3621   -3615   -3618   -3616   -3600   -3591
-3575   -3568   -3570   -3570   -3567   -3553   -3538   -3528   -3514   -3483   -3475   -3467   -3434   -3406   -3376   -3344   -3316   -3307   -3296   -3284   -3255   -3204   -3168   -3135
-3113   -3102   -3095   -3085   -3058   -3019   -2971   -2941   -2921   -2892   -2869   -2829   -2766   -2707   -2667   -2644   -2621   -2590   -2552   -2494   -2437   -2411   -2398   -2403
-2376   -2336   -2309   -2254   -2235   -2227   -2214   -2198   -2170   -2138   -2100   -2073   -2040   -2040   -2036   -2005   -1983   -1958   -1937   -1924   -1908   -1896   -1891   -1863
-1816   -1794   -1800   -1794   -1773   -1752   -1736   -1716   -1688   -1664   -1640   -1622   -1609   -1591   -1563   -1546   -1517   -1493   -1489   -1458   -1420   -1378   -1342   -1323
-1299   -1262   -1247   -1231   -1197   -1177   -1157   -1143   -1128   -1104   -1066   -1043   -1022   -1011   -1029   -1026   -1036   -1028   -1002   -0988   -0968   -0962   -0979   -0998
-0987   -0978   -0970   -0967   -0979   -1006   -1043   -1048   -1051   -1057   -1076   -1094   -1106   -1142   -1162   -1183   -1205   -1216   -1232   -1262   -1292   -1316   -1356   -1373
-1372   -1400   -1435   -1466   -1489   -1499   -1504   -1516   -1529   -1555   -1585   -1596   -1615   -1634   -1645   -1653   -1651   -1670   -1698   -1705   -1699   -1686   -1688   -1688
-1678   -1661   -1655   -1671   -1666   -1650   -1629   -1615   -1609   -1600   -1595   -1577   -1548   -1525   -1529   -1537   -1530   -1521   -1504   -1485   -1460   -1441   -1420   -1415
-1424   -1398   -1373   -1351   -1321   -1316   -1319   -1319   -1315   -1295   -1281   -1286   -1297   -1300   -1300   -1303   -1301   -1299   -1285   -1272   -1298   -1312   -1308   -1312
-1299   -1301   -1319   -1325   -1343   -1355   -1356   -1362   -1361   -1364   -1382   -1403   -1425   -1436   -1427   -1443   -1474   -1490   -1520   -1544   -1560   -1573   -1598   -1623
-1638   -1655   -1673   -1693   -1707   -1735   -1761   -1789   -1820   -1844   -1876   -1895   -1916   -1943   -1983   -2030   -2052   -2068   -2093   -2120   -2149   -2186   -2223   -2261
-2299   -2330   -2359   -2402   -2440   -2473   -2522   -2553   -2579   -2610   -2635   -2682   -2732   -2761   -2788   -2812   -2832   -2867   -2907   -2939   -2964   -2982   -2998   -3015
-3052   -3097   -3118   -3130   -3117   -3109   -3159   -3220   -3259   -3280   -3275   -3280   -3314   -3307   -3280   -3256   -3238   -3289   -3361   -3407   -3361   -3248   -3183   -3180
-3250   -3321   -3359   -3374   -3343   -3286   -3243   -3205   -3173   -3176   -3162   -3153   -3149   -3124   -3131   -3164   -3177   -3142   -3087   -3053   -3031   -2991   -2955   -2926
-2901   -2908   -2912   -2891   -2875   -2838   -2797   -2784   -2741   -2697   -2662   -2651   -2653   -2614   -2585   -2572   -2564   -2564   -2556   -2518   -2489   -2461   -2416   -2404
-2385   -2355   -2333   -2322   -2317   -2304   -2284   -2267   -2258   -2258   -2244   -2190   -2169   -2138   -2123

Start: 2013,038,00:01:16.000    End: 2013,038,00:01:26.340      Sequence Number: 451081 ID: PSES        Channel: BHN    Location:       Number Samples: 517     SPS: 50 x 1
-2147   -2140   -2131   -2124   -2110   -2080   -2051   -2036   -2022   -2022   -2014   -2003   -1991   -1952   -1938   -1935   -1934   -1915   -1895   -1884   -1855   -1844   -1846   -1856
-1859   -1858   -1831   -1807   -1784   -1759   -1759   -1754   -1754   -1753   -1759   -1742   -1736   -1733   -1708   -1709   -1678   -1670   -1694   -1697   -1693   -1702   -1702   -1692
-1705   -1689   -1694   -1713   -1701   -1704   -1698   -1699   -1711   -1719   -1738   -1750   -1763   -1768   -1768   -1780   -1787   -1789   -1807   -1836   -1850   -1866   -1888   -1894
-1919   -1953   -1961   -1971   -1984   -1986   -2002   -2024   -2042   -2061   -2092   -2125   -2132   -2151   -2177   -2198   -2221   -2229   -2235   -2248   -2264   -2295   -2342   -2374
-2404   -2406   -2406   -2436   -2446   -2462   -2484   -2507   -2535   -2560   -2583   -2595   -2614   -2620   -2620   -2631   -2641   -2654   -2682   -2715   -2746   -2770   -2774   -2783
-2809   -2813   -2814   -2827   -2835   -2854   -2865   -2875   -2889   -2899   -2911   -2922   -2933   -2936   -2942   -2954   -2972   -2959   -2954   -2967   -2950   -2949   -2945   -2933
-2937   -2944   -2931   -2919   -2909   -2865   -2850   -2852   -2837   -2830   -2826   -2797   -2778   -2782   -2768   -2767   -2756   -2732   -2712   -2694   -2687   -2692   -2706   -2689
-2668   -2658   -2636   -2631   -2641   -2634   -2635   -2643   -2641   -2636   -2635   -2654   -2654   -2660   -2672   -2664   -2668   -2676   -2692   -2694   -2703   -2719   -2729   -2742
-2746   -2768   -2787   -2787   -2784   -2791   -2800   -2816   -2833   -2842   -2846   -2831   -2844   -2850   -2851   -2885   -2914   -2931   -2936   -2940   -2922   -2915   -2936   -2947
-2956   -2968   -2958   -2947   -2950   -2932   -2935   -2955   -2958   -2950   -2942   -2920   -2898   -2891   -2870   -2872   -2861   -2840   -2829   -2811   -2808   -2813   -2817   -2811
-2808   -2783   -2761   -2739   -2707   -2711   -2699   -2690   -2673   -2652   -2656   -2641   -2630   -2616   -2594   -2585   -2581   -2584   -2580   -2572   -2564   -2554   -2532   -2524
-2541   -2539   -2529   -2523   -2513   -2494   -2496   -2499   -2498   -2504   -2484   -2483   -2482   -2467   -2470   -2476   -2462   -2448   -2428   -2401   -2392   -2389   -2400   -2404
-2398   -2382   -2367   -2376   -2381   -2372   -2369   -2370   -2371   -2377   -2374   -2384   -2387   -2381   -2373   -2375   -2383   -2375   -2389   -2393   -2397   -2393   -2387   -2396
-2399   -2406   -2407   -2418   -2426   -2427   -2435   -2439   -2445   -2461   -2477   -2487   -2494   -2504   -2504   -2498   -2504   -2501   -2506   -2523   -2525   -2533   -2531   -2527
-2558   -2591   -2599   -2596   -2606   -2614   -2622   -2655   -2671   -2691   -2706   -2701   -2719   -2750   -2773   -2780   -2790   -2785   -2795   -2833   -2858   -2888   -2917   -2927
-2934   -2948   -2968   -3004   -3042   -3055   -3061   -3067   -3063   -3078   -3109   -3130   -3157   -3181   -3183   -3191   -3220   -3237   -3250   -3279   -3293   -3304   -3330   -3344
-3361   -3377   -3367   -3366   -3363   -3356   -3366   -3388   -3399   -3398   -3404   -3405   -3405   -3418   -3439   -3448   -3449   -3443   -3452   -3483   -3493   -3510   -3528   -3529
-3521   -3513   -3521   -3523   -3521   -3522   -3506   -3493   -3488   -3478   -3482   -3475   -3468   -3462   -3431   -3410   -3394   -3387   -3366   -3346   -3338   -3324   -3307   -3279
-3259   -3231   -3210   -3194   -3170   -3144   -3113   -3100   -3087   -3070   -3054   -3038   -3018   -2994   -2973   -2952   -2929   -2908   -2893   -2881   -2882   -2882   -2886   -2889
-2885   -2885   -2890   -2883   -2884   -2899   -2898   -2903   -2894   -2889   -2889   -2892   -2892   -2882   -2874   -2852   -2854   -2842   -2839   -2845   -2853   -2871   -2872   -2881
-2875   -2890   -2914   -2929   -2931   -2917   -2910   -2905   -2911   -2911   -2918   -2902   -2889   -2885   -2865   -2863   -2847   -2826   -2802   -2785   -2787   -2785   -2799   -2814
-2802   -2789   -2781   -2768   -2766   -2765   -2758   -2744   -2722   -2693   -2673   -2670   -2661
